<?xml version="1.0" encoding="UTF-8"?>
<testng-results ignored="0" total="22" passed="22" failed="0" skipped="0">
  <reporter-output>
  </reporter-output>
  <suite started-at="2025-03-22T13:03:42 IST" name="Default suite" finished-at="2025-03-22T13:05:24 IST" duration-ms="102552">
    <groups>
      <group name="cucumber">
        <method signature="AbstractTestNGCucumberTests.runScenario(io.cucumber.testng.PickleWrapper,io.cucumber.testng.FeatureWrapper)[pri:0, instance:runners.TestRunner@6e509ffa]" name="runScenario" class="io.cucumber.testng.AbstractTestNGCucumberTests"/>
      </group> <!-- cucumber -->
    </groups>
    <test started-at="2025-03-22T13:03:42 IST" name="Default test" finished-at="2025-03-22T13:05:24 IST" duration-ms="102552">
      <class name="runners.TestRunner">
        <test-method is-config="true" signature="setUpClass(org.testng.ITestContext)[pri:0, instance:runners.TestRunner@6e509ffa]" started-at="2025-03-22T13:03:42 IST" name="setUpClass" finished-at="2025-03-22T13:03:43 IST" duration-ms="1275" status="PASS">
          <params>
            <param index="0">
              <value>
                <![CDATA[org.testng.TestRunner@77bb0ab5]]>
              </value>
            </param>
          </params>
          <reporter-output>
          </reporter-output>
        </test-method> <!-- setUpClass -->
        <test-method is-config="true" signature="setup()[pri:0, instance:runners.TestRunner@6e509ffa]" started-at="2025-03-22T13:03:43 IST" name="setup" finished-at="2025-03-22T13:03:43 IST" duration-ms="2" status="PASS">
          <reporter-output>
          </reporter-output>
        </test-method> <!-- setup -->
        <test-method signature="runScenario(io.cucumber.testng.PickleWrapper,io.cucumber.testng.FeatureWrapper)[pri:0, instance:runners.TestRunner@6e509ffa]" started-at="2025-03-22T13:03:43 IST" name="runScenario" description="Runs Cucumber Scenarios" data-provider="scenarios" finished-at="2025-03-22T13:04:16 IST" duration-ms="33271" status="PASS">
          <params>
            <param index="0">
              <value>
                <![CDATA["User tries to open cart without adding any product"]]>
              </value>
            </param>
            <param index="1">
              <value>
                <![CDATA["Add to Cart Functionality"]]>
              </value>
            </param>
          </params>
          <reporter-output>
          </reporter-output>
        </test-method> <!-- runScenario -->
        <test-method signature="runScenario(io.cucumber.testng.PickleWrapper,io.cucumber.testng.FeatureWrapper)[pri:0, instance:runners.TestRunner@6e509ffa]" started-at="2025-03-22T13:03:43 IST" name="runScenario" description="Runs Cucumber Scenarios" data-provider="scenarios" finished-at="2025-03-22T13:04:23 IST" duration-ms="39852" status="PASS">
          <params>
            <param index="0">
              <value>
                <![CDATA["Verify Account Management Functionality"]]>
              </value>
            </param>
            <param index="1">
              <value>
                <![CDATA["Account Management"]]>
              </value>
            </param>
          </params>
          <reporter-output>
          </reporter-output>
        </test-method> <!-- runScenario -->
        <test-method signature="runScenario(io.cucumber.testng.PickleWrapper,io.cucumber.testng.FeatureWrapper)[pri:0, instance:runners.TestRunner@6e509ffa]" started-at="2025-03-22T13:03:43 IST" name="runScenario" description="Runs Cucumber Scenarios" data-provider="scenarios" finished-at="2025-03-22T13:04:24 IST" duration-ms="40934" status="PASS">
          <params>
            <param index="0">
              <value>
                <![CDATA["Verify Account Management Functionality"]]>
              </value>
            </param>
            <param index="1">
              <value>
                <![CDATA["Account Management"]]>
              </value>
            </param>
          </params>
          <reporter-output>
          </reporter-output>
        </test-method> <!-- runScenario -->
        <test-method signature="runScenario(io.cucumber.testng.PickleWrapper,io.cucumber.testng.FeatureWrapper)[pri:0, instance:runners.TestRunner@6e509ffa]" started-at="2025-03-22T13:03:43 IST" name="runScenario" description="Runs Cucumber Scenarios" data-provider="scenarios" finished-at="2025-03-22T13:04:19 IST" duration-ms="36364" status="PASS">
          <params>
            <param index="0">
              <value>
                <![CDATA["Login with different credentials"]]>
              </value>
            </param>
            <param index="1">
              <value>
                <![CDATA["Login Functionality"]]>
              </value>
            </param>
          </params>
          <reporter-output>
          </reporter-output>
        </test-method> <!-- runScenario -->
        <test-method signature="runScenario(io.cucumber.testng.PickleWrapper,io.cucumber.testng.FeatureWrapper)[pri:0, instance:runners.TestRunner@6e509ffa]" started-at="2025-03-22T13:03:43 IST" name="runScenario" description="Runs Cucumber Scenarios" data-provider="scenarios" finished-at="2025-03-22T13:04:23 IST" duration-ms="39855" status="PASS">
          <params>
            <param index="0">
              <value>
                <![CDATA["Verify Account Management Functionality"]]>
              </value>
            </param>
            <param index="1">
              <value>
                <![CDATA["Account Management"]]>
              </value>
            </param>
          </params>
          <reporter-output>
          </reporter-output>
        </test-method> <!-- runScenario -->
        <test-method signature="runScenario(io.cucumber.testng.PickleWrapper,io.cucumber.testng.FeatureWrapper)[pri:0, instance:runners.TestRunner@6e509ffa]" started-at="2025-03-22T13:03:43 IST" name="runScenario" description="Runs Cucumber Scenarios" data-provider="scenarios" finished-at="2025-03-22T13:04:23 IST" duration-ms="39719" status="PASS">
          <params>
            <param index="0">
              <value>
                <![CDATA["User searches for a non-existing product"]]>
              </value>
            </param>
            <param index="1">
              <value>
                <![CDATA["Add to Cart Functionality"]]>
              </value>
            </param>
          </params>
          <reporter-output>
          </reporter-output>
        </test-method> <!-- runScenario -->
        <test-method signature="runScenario(io.cucumber.testng.PickleWrapper,io.cucumber.testng.FeatureWrapper)[pri:0, instance:runners.TestRunner@6e509ffa]" started-at="2025-03-22T13:03:43 IST" name="runScenario" description="Runs Cucumber Scenarios" data-provider="scenarios" finished-at="2025-03-22T13:04:23 IST" duration-ms="39740" status="PASS">
          <params>
            <param index="0">
              <value>
                <![CDATA["Login with different credentials"]]>
              </value>
            </param>
            <param index="1">
              <value>
                <![CDATA["Login Functionality"]]>
              </value>
            </param>
          </params>
          <reporter-output>
          </reporter-output>
        </test-method> <!-- runScenario -->
        <test-method signature="runScenario(io.cucumber.testng.PickleWrapper,io.cucumber.testng.FeatureWrapper)[pri:0, instance:runners.TestRunner@6e509ffa]" started-at="2025-03-22T13:03:43 IST" name="runScenario" description="Runs Cucumber Scenarios" data-provider="scenarios" finished-at="2025-03-22T13:04:12 IST" duration-ms="29119" status="PASS">
          <params>
            <param index="0">
              <value>
                <![CDATA["User adds a product to the cart"]]>
              </value>
            </param>
            <param index="1">
              <value>
                <![CDATA["Add to Cart Functionality"]]>
              </value>
            </param>
          </params>
          <reporter-output>
          </reporter-output>
        </test-method> <!-- runScenario -->
        <test-method signature="runScenario(io.cucumber.testng.PickleWrapper,io.cucumber.testng.FeatureWrapper)[pri:0, instance:runners.TestRunner@6e509ffa]" started-at="2025-03-22T13:03:43 IST" name="runScenario" description="Runs Cucumber Scenarios" data-provider="scenarios" finished-at="2025-03-22T13:04:24 IST" duration-ms="41354" status="PASS">
          <params>
            <param index="0">
              <value>
                <![CDATA["Attempting to checkout with an empty cart"]]>
              </value>
            </param>
            <param index="1">
              <value>
                <![CDATA["Checkout Functionality"]]>
              </value>
            </param>
          </params>
          <reporter-output>
          </reporter-output>
        </test-method> <!-- runScenario -->
        <test-method signature="runScenario(io.cucumber.testng.PickleWrapper,io.cucumber.testng.FeatureWrapper)[pri:0, instance:runners.TestRunner@6e509ffa]" started-at="2025-03-22T13:03:43 IST" name="runScenario" description="Runs Cucumber Scenarios" data-provider="scenarios" finished-at="2025-03-22T13:04:22 IST" duration-ms="39339" status="PASS">
          <params>
            <param index="0">
              <value>
                <![CDATA["Login with different credentials"]]>
              </value>
            </param>
            <param index="1">
              <value>
                <![CDATA["Login Functionality"]]>
              </value>
            </param>
          </params>
          <reporter-output>
          </reporter-output>
        </test-method> <!-- runScenario -->
        <test-method signature="runScenario(io.cucumber.testng.PickleWrapper,io.cucumber.testng.FeatureWrapper)[pri:0, instance:runners.TestRunner@6e509ffa]" started-at="2025-03-22T13:04:12 IST" name="runScenario" description="Runs Cucumber Scenarios" data-provider="scenarios" finished-at="2025-03-22T13:04:26 IST" duration-ms="13298" status="PASS">
          <params>
            <param index="0">
              <value>
                <![CDATA["Login with different credentials"]]>
              </value>
            </param>
            <param index="1">
              <value>
                <![CDATA["Login Functionality"]]>
              </value>
            </param>
          </params>
          <reporter-output>
          </reporter-output>
        </test-method> <!-- runScenario -->
        <test-method signature="runScenario(io.cucumber.testng.PickleWrapper,io.cucumber.testng.FeatureWrapper)[pri:0, instance:runners.TestRunner@6e509ffa]" started-at="2025-03-22T13:04:16 IST" name="runScenario" description="Runs Cucumber Scenarios" data-provider="scenarios" finished-at="2025-03-22T13:05:11 IST" duration-ms="55117" status="PASS">
          <params>
            <param index="0">
              <value>
                <![CDATA["User successfully logs out"]]>
              </value>
            </param>
            <param index="1">
              <value>
                <![CDATA["Logout Functionality"]]>
              </value>
            </param>
          </params>
          <reporter-output>
          </reporter-output>
        </test-method> <!-- runScenario -->
        <test-method signature="runScenario(io.cucumber.testng.PickleWrapper,io.cucumber.testng.FeatureWrapper)[pri:0, instance:runners.TestRunner@6e509ffa]" started-at="2025-03-22T13:04:19 IST" name="runScenario" description="Runs Cucumber Scenarios" data-provider="scenarios" finished-at="2025-03-22T13:04:35 IST" duration-ms="15780" status="PASS">
          <params>
            <param index="0">
              <value>
                <![CDATA["Verify main navigation links are visible and clickable"]]>
              </value>
            </param>
            <param index="1">
              <value>
                <![CDATA["Main Page Navigation and Footer Links"]]>
              </value>
            </param>
          </params>
          <reporter-output>
          </reporter-output>
        </test-method> <!-- runScenario -->
        <test-method signature="runScenario(io.cucumber.testng.PickleWrapper,io.cucumber.testng.FeatureWrapper)[pri:0, instance:runners.TestRunner@6e509ffa]" started-at="2025-03-22T13:04:22 IST" name="runScenario" description="Runs Cucumber Scenarios" data-provider="scenarios" finished-at="2025-03-22T13:05:23 IST" duration-ms="61056" status="PASS">
          <params>
            <param index="0">
              <value>
                <![CDATA["Verify footer links are visible and clickable"]]>
              </value>
            </param>
            <param index="1">
              <value>
                <![CDATA["Main Page Navigation and Footer Links"]]>
              </value>
            </param>
          </params>
          <reporter-output>
          </reporter-output>
        </test-method> <!-- runScenario -->
        <test-method signature="runScenario(io.cucumber.testng.PickleWrapper,io.cucumber.testng.FeatureWrapper)[pri:0, instance:runners.TestRunner@6e509ffa]" started-at="2025-03-22T13:04:23 IST" name="runScenario" description="Runs Cucumber Scenarios" data-provider="scenarios" finished-at="2025-03-22T13:05:24 IST" duration-ms="60841" status="PASS">
          <params>
            <param index="0">
              <value>
                <![CDATA["Change currency on the website"]]>
              </value>
            </param>
            <param index="1">
              <value>
                <![CDATA["Multi-Currency Functionality"]]>
              </value>
            </param>
          </params>
          <reporter-output>
          </reporter-output>
        </test-method> <!-- runScenario -->
        <test-method signature="runScenario(io.cucumber.testng.PickleWrapper,io.cucumber.testng.FeatureWrapper)[pri:0, instance:runners.TestRunner@6e509ffa]" started-at="2025-03-22T13:04:23 IST" name="runScenario" description="Runs Cucumber Scenarios" data-provider="scenarios" finished-at="2025-03-22T13:05:23 IST" duration-ms="60314" status="PASS">
          <params>
            <param index="0">
              <value>
                <![CDATA["Change currency on the website"]]>
              </value>
            </param>
            <param index="1">
              <value>
                <![CDATA["Multi-Currency Functionality"]]>
              </value>
            </param>
          </params>
          <reporter-output>
          </reporter-output>
        </test-method> <!-- runScenario -->
        <test-method signature="runScenario(io.cucumber.testng.PickleWrapper,io.cucumber.testng.FeatureWrapper)[pri:0, instance:runners.TestRunner@6e509ffa]" started-at="2025-03-22T13:04:23 IST" name="runScenario" description="Runs Cucumber Scenarios" data-provider="scenarios" finished-at="2025-03-22T13:05:20 IST" duration-ms="57240" status="PASS">
          <params>
            <param index="0">
              <value>
                <![CDATA["Change currency on the website"]]>
              </value>
            </param>
            <param index="1">
              <value>
                <![CDATA["Multi-Currency Functionality"]]>
              </value>
            </param>
          </params>
          <reporter-output>
          </reporter-output>
        </test-method> <!-- runScenario -->
        <test-method signature="runScenario(io.cucumber.testng.PickleWrapper,io.cucumber.testng.FeatureWrapper)[pri:0, instance:runners.TestRunner@6e509ffa]" started-at="2025-03-22T13:04:23 IST" name="runScenario" description="Runs Cucumber Scenarios" data-provider="scenarios" finished-at="2025-03-22T13:05:22 IST" duration-ms="58737" status="PASS">
          <params>
            <param index="0">
              <value>
                <![CDATA["User registers successfully"]]>
              </value>
            </param>
            <param index="1">
              <value>
                <![CDATA["Registration Functionality"]]>
              </value>
            </param>
          </params>
          <reporter-output>
          </reporter-output>
        </test-method> <!-- runScenario -->
        <test-method signature="runScenario(io.cucumber.testng.PickleWrapper,io.cucumber.testng.FeatureWrapper)[pri:0, instance:runners.TestRunner@6e509ffa]" started-at="2025-03-22T13:04:24 IST" name="runScenario" description="Runs Cucumber Scenarios" data-provider="scenarios" finished-at="2025-03-22T13:05:20 IST" duration-ms="56396" status="PASS">
          <params>
            <param index="0">
              <value>
                <![CDATA["User enters mismatched passwords"]]>
              </value>
            </param>
            <param index="1">
              <value>
                <![CDATA["Registration Functionality"]]>
              </value>
            </param>
          </params>
          <reporter-output>
          </reporter-output>
        </test-method> <!-- runScenario -->
        <test-method signature="runScenario(io.cucumber.testng.PickleWrapper,io.cucumber.testng.FeatureWrapper)[pri:0, instance:runners.TestRunner@6e509ffa]" started-at="2025-03-22T13:04:24 IST" name="runScenario" description="Runs Cucumber Scenarios" data-provider="scenarios" finished-at="2025-03-22T13:05:24 IST" duration-ms="59126" status="PASS">
          <params>
            <param index="0">
              <value>
                <![CDATA["User does not agree to terms"]]>
              </value>
            </param>
            <param index="1">
              <value>
                <![CDATA["Registration Functionality"]]>
              </value>
            </param>
          </params>
          <reporter-output>
          </reporter-output>
        </test-method> <!-- runScenario -->
        <test-method signature="runScenario(io.cucumber.testng.PickleWrapper,io.cucumber.testng.FeatureWrapper)[pri:0, instance:runners.TestRunner@6e509ffa]" started-at="2025-03-22T13:04:26 IST" name="runScenario" description="Runs Cucumber Scenarios" data-provider="scenarios" finished-at="2025-03-22T13:05:23 IST" duration-ms="57833" status="PASS">
          <params>
            <param index="0">
              <value>
                <![CDATA["Search for an existing product"]]>
              </value>
            </param>
            <param index="1">
              <value>
                <![CDATA["Search Functionality"]]>
              </value>
            </param>
          </params>
          <reporter-output>
          </reporter-output>
        </test-method> <!-- runScenario -->
        <test-method signature="runScenario(io.cucumber.testng.PickleWrapper,io.cucumber.testng.FeatureWrapper)[pri:0, instance:runners.TestRunner@6e509ffa]" started-at="2025-03-22T13:04:35 IST" name="runScenario" description="Runs Cucumber Scenarios" data-provider="scenarios" finished-at="2025-03-22T13:05:24 IST" duration-ms="48337" status="PASS">
          <params>
            <param index="0">
              <value>
                <![CDATA["Search for a non-existing product"]]>
              </value>
            </param>
            <param index="1">
              <value>
                <![CDATA["Search Functionality"]]>
              </value>
            </param>
          </params>
          <reporter-output>
          </reporter-output>
        </test-method> <!-- runScenario -->
        <test-method is-config="true" signature="teardown()[pri:0, instance:runners.TestRunner@6e509ffa]" started-at="2025-03-22T13:05:24 IST" name="teardown" finished-at="2025-03-22T13:05:24 IST" duration-ms="6" status="PASS">
          <reporter-output>
          </reporter-output>
        </test-method> <!-- teardown -->
        <test-method is-config="true" signature="tearDownClass()[pri:0, instance:runners.TestRunner@6e509ffa]" started-at="2025-03-22T13:05:24 IST" name="tearDownClass" finished-at="2025-03-22T13:05:24 IST" duration-ms="597" status="PASS">
          <reporter-output>
          </reporter-output>
        </test-method> <!-- tearDownClass -->
      </class> <!-- runners.TestRunner -->
    </test> <!-- Default test -->
  </suite> <!-- Default suite -->
</testng-results>
